13:02:40.674 [main] INFO  TestCases.LogInGoogle - Error message is captured
13:02:40.690 [main] INFO  TestCases.LogInGoogle - *********************** Ending Google Account Login *************************
13:03:04.372 [main] INFO  TestCases.IdentifyBikes - *********************** Starting Upcomming Bikes*************************
13:03:06.543 [main] INFO  TestCases.IdentifyBikes - New Bikes menu is hovered and Upcoming Bikes is cliked
13:03:08.384 [main] INFO  TestCases.IdentifyBikes - Manufacture HONDA is chosen
13:03:08.920 [main] INFO  TestCases.IdentifyBikes - Test Case Passed
13:03:09.099 [main] INFO  TestCases.IdentifyBikes - View More button is clicked
13:03:18.345 [main] INFO  TestCases.IdentifyBikes - *********************** Ending Upcoming Bikes*************************
13:03:27.889 [main] INFO  TestCases.Identify_UsedCars - *********************** Starting Used Cars *************************
13:04:14.869 [main] INFO  TestCases.Identify_UsedCars - Used car menu is hovered and Location is chosen as Chennai
13:04:15.207 [main] INFO  TestCases.Identify_UsedCars - Test Case Passed
13:04:21.608 [main] INFO  TestCases.Identify_UsedCars - Popular Models are displayed
13:04:21.608 [main] INFO  TestCases.Identify_UsedCars - *********************** Ending Used Cars *************************
13:04:30.449 [main] INFO  TestCases.LogInGoogle - *********************** Starting Google Account Login *************************
13:06:43.620 [main] INFO  TestCases.LogInGoogle - Login button is clicked
13:06:44.456 [main] INFO  TestCases.LogInGoogle - Continue with google option is clicked
13:06:46.231 [main] INFO  TestCases.LogInGoogle - Email Id is entered
13:06:46.522 [main] INFO  TestCases.LogInGoogle - Test Case Passed
13:06:51.282 [main] INFO  TestCases.LogInGoogle - Error message is captured
13:06:51.282 [main] INFO  TestCases.LogInGoogle - *********************** Ending Google Account Login *************************
10:13:49.890 [main] INFO  TestCases.IdentifyBikes - *********************** Starting Upcomming Bikes*************************
10:13:52.178 [main] INFO  TestCases.IdentifyBikes - *********************** Ending Upcoming Bikes*************************
10:14:40.911 [main] INFO  TestCases.Identify_UsedCars - *********************** Starting Used Cars *************************
10:14:42.271 [main] INFO  TestCases.Identify_UsedCars - Popular Models are displayed
10:14:42.271 [main] INFO  TestCases.Identify_UsedCars - *********************** Ending Used Cars *************************
10:15:36.133 [main] INFO  TestCases.LogInGoogle - *********************** Starting Google Account Login *************************
11:29:03.917 [main] INFO  TestCases.IdentifyBikes - *********************** Starting Upcomming Bikes*************************
11:29:08.500 [main] INFO  TestCases.IdentifyBikes - New Bikes menu is hovered and Upcoming Bikes is cliked
11:29:10.813 [main] INFO  TestCases.IdentifyBikes - Manufacture HONDA is chosen
11:29:11.494 [main] INFO  TestCases.IdentifyBikes - Test Case Passed
11:29:11.725 [main] INFO  TestCases.IdentifyBikes - View More button is clicked
11:29:24.611 [main] INFO  TestCases.IdentifyBikes - *********************** Ending Upcoming Bikes*************************
11:29:34.895 [main] INFO  TestCases.Identify_UsedCars - *********************** Starting Used Cars *************************
11:30:11.539 [main] INFO  TestCases.Identify_UsedCars - Used car menu is hovered and Location is chosen as Chennai
11:30:12.000 [main] INFO  TestCases.Identify_UsedCars - Test Case Passed
11:30:19.088 [main] INFO  TestCases.Identify_UsedCars - Popular Models are displayed
11:30:19.088 [main] INFO  TestCases.Identify_UsedCars - *********************** Ending Used Cars *************************
11:30:31.552 [main] INFO  TestCases.LogInGoogle - *********************** Starting Google Account Login *************************
11:30:36.882 [main] INFO  TestCases.LogInGoogle - Login button is clicked
11:30:37.645 [main] INFO  TestCases.LogInGoogle - Continue with google option is clicked
11:30:40.634 [main] INFO  TestCases.LogInGoogle - Email Id is entered
11:30:40.967 [main] INFO  TestCases.LogInGoogle - Test Case Passed
11:30:46.304 [main] INFO  TestCases.LogInGoogle - Error message is captured
11:30:46.305 [main] INFO  TestCases.LogInGoogle - *********************** Ending Google Account Login *************************
12:03:47.124 [main] INFO  TestCases.IdentifyBikes - *********************** Starting Upcomming Bikes*************************
12:03:50.213 [main] INFO  TestCases.IdentifyBikes - New Bikes menu is hovered and Upcoming Bikes is cliked
12:03:54.172 [main] INFO  TestCases.IdentifyBikes - Manufacture HONDA is chosen
12:03:54.940 [main] INFO  TestCases.IdentifyBikes - Test Case Passed
12:03:55.422 [main] INFO  TestCases.IdentifyBikes - View More button is clicked
12:04:12.642 [main] INFO  TestCases.IdentifyBikes - *********************** Ending Upcoming Bikes*************************
