09:05:03.934 [main] INFO  TestCases.IdentifyBikes - Verifying URL
09:05:04.361 [main] INFO  TestCases.IdentifyBikes - *********************** Starting Upcomming Bikes*************************
09:06:42.688 [main] INFO  TestCases.IdentifyBikes - Verifying URL
09:06:43.953 [main] INFO  TestCases.IdentifyBikes - *********************** Starting Upcomming Bikes*************************
09:06:46.293 [main] INFO  TestCases.IdentifyBikes - New Bikes menu is hovered and Upcoming Bikes is cliked
09:06:49.207 [main] INFO  TestCases.IdentifyBikes - Manufacture HONDA is chosen
09:06:50.363 [main] INFO  TestCases.IdentifyBikes - Test Case Passed
09:06:50.541 [main] INFO  TestCases.IdentifyBikes - View More button is clicked
09:07:11.026 [main] INFO  TestCases.IdentifyBikes - *********************** Ending Upcoming Bikes*************************
09:07:28.833 [main] INFO  TestCases.Identify_UsedCars - Verifying URL
09:07:29.655 [main] INFO  TestCases.Identify_UsedCars - *********************** Starting Used Cars *************************
09:07:38.546 [main] INFO  TestCases.Identify_UsedCars - Used car menu is hovered and Location is chosen as Chennai
09:07:39.017 [main] INFO  TestCases.Identify_UsedCars - Test Case Passed
09:07:46.486 [main] INFO  TestCases.Identify_UsedCars - Popular Models are displayed
09:07:46.486 [main] INFO  TestCases.Identify_UsedCars - *********************** Ending Used Cars *************************
09:08:00.456 [main] INFO  TestCases.LogInGoogle - Verifying URL
09:08:01.451 [main] INFO  TestCases.LogInGoogle - *********************** Starting Google Account Login *************************
09:08:06.448 [main] INFO  TestCases.LogInGoogle - Login button is clicked
09:08:07.413 [main] INFO  TestCases.LogInGoogle - Continue with google option is clicked
09:08:07.530 [main] INFO  TestCases.LogInGoogle - Driver is switched
09:08:26.940 [main] INFO  TestCases.LogInGoogle - Error message is captured
09:08:26.940 [main] INFO  TestCases.LogInGoogle - *********************** Ending Google Account Login *************************
09:16:55.075 [main] INFO  TestCases.IdentifyBikes - Verifying URL
09:16:56.005 [main] INFO  TestCases.IdentifyBikes - *********************** Starting Upcomming Bikes*************************
09:16:57.630 [main] INFO  TestCases.IdentifyBikes - New Bikes menu is hovered and Upcoming Bikes is cliked
09:16:59.776 [main] INFO  TestCases.IdentifyBikes - Manufacture HONDA is chosen
09:17:00.636 [main] INFO  TestCases.IdentifyBikes - Test Case Passed
09:17:00.810 [main] INFO  TestCases.IdentifyBikes - View More button is clicked
09:17:09.636 [main] INFO  TestCases.IdentifyBikes - *********************** Ending Upcoming Bikes*************************
09:17:52.459 [main] INFO  TestCases.Identify_UsedCars - Verifying URL
09:17:53.008 [main] INFO  TestCases.Identify_UsedCars - *********************** Starting Used Cars *************************
09:17:57.431 [main] INFO  TestCases.Identify_UsedCars - Used car menu is hovered and Location is chosen as Chennai
09:17:57.778 [main] INFO  TestCases.Identify_UsedCars - Test Case Passed
09:18:02.825 [main] INFO  TestCases.Identify_UsedCars - Popular Models are displayed
09:18:02.825 [main] INFO  TestCases.Identify_UsedCars - *********************** Ending Used Cars *************************
09:18:43.704 [main] INFO  TestCases.LogInGoogle - Verifying URL
09:18:44.301 [main] INFO  TestCases.LogInGoogle - *********************** Starting Google Account Login *************************
09:18:48.617 [main] INFO  TestCases.LogInGoogle - Login button is clicked
09:18:49.383 [main] INFO  TestCases.LogInGoogle - Continue with google option is clicked
09:18:49.453 [main] INFO  TestCases.LogInGoogle - Driver is switched
09:19:07.450 [main] INFO  TestCases.LogInGoogle - Error message is captured
09:19:07.450 [main] INFO  TestCases.LogInGoogle - *********************** Ending Google Account Login *************************
