12:27:58.420 [main] INFO  TestCases.IdentifyBikes - New Bikes menu is hovered and Upcoming Bikes is cliked
12:27:59.425 [main] INFO  TestCases.IdentifyBikes - Manufacture HONDA is chosen
12:28:00.257 [main] INFO  TestCases.IdentifyBikes - Test Case Passed
12:28:00.324 [main] INFO  TestCases.IdentifyBikes - View More button is clicked
12:28:10.660 [main] INFO  TestCases.IdentifyBikes - *********************** Ending Upcoming Bikes*************************
12:28:19.058 [main] INFO  TestCases.Identify_UsedCars - *********************** Starting Used Cars *************************
12:29:18.063 [main] INFO  TestCases.Identify_UsedCars - Used car menu is hovered and Location is chosen as Chennai
12:29:18.387 [main] INFO  TestCases.Identify_UsedCars - Test Case Passed
12:29:23.698 [main] INFO  TestCases.Identify_UsedCars - Popular Models are displayed
12:29:23.698 [main] INFO  TestCases.Identify_UsedCars - *********************** Ending Used Cars *************************
12:29:33.874 [main] INFO  TestCases.LogInGoogle - *********************** Starting Google Account Login *************************
12:29:39.507 [main] INFO  TestCases.LogInGoogle - Login button is clicked
12:29:40.087 [main] INFO  TestCases.LogInGoogle - Continue with google option is clicked
12:29:42.516 [main] INFO  TestCases.LogInGoogle - Email Id is entered
12:29:57.606 [main] INFO  TestCases.LogInGoogle - Error message is captured
12:29:57.607 [main] INFO  TestCases.LogInGoogle - *********************** Ending Google Account Login *************************
12:34:59.762 [main] INFO  TestCases.IdentifyBikes - *********************** Starting Upcomming Bikes*************************
12:35:01.229 [main] INFO  TestCases.IdentifyBikes - New Bikes menu is hovered and Upcoming Bikes is cliked
12:35:02.079 [main] INFO  TestCases.IdentifyBikes - Manufacture HONDA is chosen
12:35:02.872 [main] INFO  TestCases.IdentifyBikes - Test Case Passed
12:35:02.950 [main] INFO  TestCases.IdentifyBikes - View More button is clicked
12:35:13.634 [main] INFO  TestCases.IdentifyBikes - *********************** Ending Upcoming Bikes*************************
12:35:39.742 [main] INFO  TestCases.IdentifyBikes - *********************** Starting Upcomming Bikes*************************
12:37:56.125 [main] INFO  TestCases.IdentifyBikes - New Bikes menu is hovered and Upcoming Bikes is cliked
12:37:57.681 [main] INFO  TestCases.IdentifyBikes - Manufacture HONDA is chosen
12:37:58.151 [main] INFO  TestCases.IdentifyBikes - Test Case Passed
12:37:58.259 [main] INFO  TestCases.IdentifyBikes - View More button is clicked
12:38:08.668 [main] INFO  TestCases.IdentifyBikes - *********************** Ending Upcoming Bikes*************************
12:47:51.081 [main] INFO  TestCases.IdentifyBikes - *********************** Starting Upcomming Bikes*************************
12:48:41.159 [main] INFO  TestCases.IdentifyBikes - New Bikes menu is hovered and Upcoming Bikes is cliked
12:48:43.808 [main] INFO  TestCases.IdentifyBikes - Manufacture HONDA is chosen
12:48:44.643 [main] INFO  TestCases.IdentifyBikes - Test Case Passed
12:48:44.784 [main] INFO  TestCases.IdentifyBikes - View More button is clicked
12:49:01.438 [main] INFO  TestCases.IdentifyBikes - *********************** Ending Upcoming Bikes*************************
12:49:17.128 [main] INFO  TestCases.Identify_UsedCars - *********************** Starting Used Cars *************************
13:01:01.242 [main] INFO  TestCases.IdentifyBikes - *********************** Starting Upcomming Bikes*************************
13:01:02.358 [main] INFO  TestCases.IdentifyBikes - New Bikes menu is hovered and Upcoming Bikes is cliked
13:01:03.575 [main] INFO  TestCases.IdentifyBikes - Manufacture HONDA is chosen
13:01:03.890 [main] INFO  TestCases.IdentifyBikes - Test Case Passed
13:01:03.956 [main] INFO  TestCases.IdentifyBikes - View More button is clicked
13:01:13.431 [main] INFO  TestCases.IdentifyBikes - *********************** Ending Upcoming Bikes*************************
13:01:22.634 [main] INFO  TestCases.Identify_UsedCars - *********************** Starting Used Cars *************************
13:02:12.208 [main] INFO  TestCases.Identify_UsedCars - Used car menu is hovered and Location is chosen as Chennai
13:02:12.511 [main] INFO  TestCases.Identify_UsedCars - Test Case Passed
13:02:17.965 [main] INFO  TestCases.Identify_UsedCars - Popular Models are displayed
13:02:17.965 [main] INFO  TestCases.Identify_UsedCars - *********************** Ending Used Cars *************************
13:02:26.962 [main] INFO  TestCases.LogInGoogle - *********************** Starting Google Account Login *************************
13:02:32.597 [main] INFO  TestCases.LogInGoogle - Login button is clicked
13:02:33.128 [main] INFO  TestCases.LogInGoogle - Continue with google option is clicked
13:02:35.036 [main] INFO  TestCases.LogInGoogle - Email Id is entered
13:02:35.553 [main] INFO  TestCases.LogInGoogle - Test Case Passed
