12:02:15.193 [main] INFO  TestCases.IdentifyBikes - Test Case Passed
12:02:21.959 [main] INFO  TestCases.IdentifyBikes - Popular Models are displayed
12:02:21.959 [main] INFO  TestCases.IdentifyBikes - *********************** Ending Used Cars *************************
12:02:22.242 [main] INFO  TestCases.IdentifyBikes - *********************** Starting Google Account Login *************************
12:02:30.646 [main] INFO  TestCases.IdentifyBikes - Login button is clicked
12:02:30.942 [main] INFO  TestCases.IdentifyBikes - Continue with google option is clicked
12:02:32.929 [main] INFO  TestCases.IdentifyBikes - Email Id is entered
12:02:33.016 [main] INFO  TestCases.IdentifyBikes - Test Case Passed
12:02:37.712 [main] INFO  TestCases.IdentifyBikes - Error message is captured
12:02:37.712 [main] INFO  TestCases.IdentifyBikes - *********************** Ending Google Account Login *************************
12:13:29.109 [main] INFO  TestCases.IdentifyBikes - *********************** Starting Upcomming Bikes*************************
12:13:32.916 [main] INFO  TestCases.IdentifyBikes - New Bikes menu is hovered and Upcoming Bikes is cliked
12:13:33.731 [main] INFO  TestCases.IdentifyBikes - Manufacture HONDA is chosen
12:13:34.312 [main] INFO  TestCases.IdentifyBikes - Test Case Passed
12:13:34.377 [main] INFO  TestCases.IdentifyBikes - View More button is clicked
12:13:45.084 [main] INFO  TestCases.IdentifyBikes - *********************** Ending Upcoming Bikes*************************
12:13:57.561 [main] INFO  TestCases.Identify_UsedCars - *********************** Starting Used Cars *************************
12:14:38.076 [main] INFO  TestCases.Identify_UsedCars - Used car menu is hovered and Location is chosen as Chennai
12:14:38.155 [main] INFO  TestCases.Identify_UsedCars - Test Case Passed
12:14:43.747 [main] INFO  TestCases.Identify_UsedCars - Popular Models are displayed
12:14:43.747 [main] INFO  TestCases.Identify_UsedCars - *********************** Ending Used Cars *************************
12:15:57.080 [main] INFO  TestCases.IdentifyBikes - *********************** Starting Upcomming Bikes*************************
12:15:59.183 [main] INFO  TestCases.IdentifyBikes - New Bikes menu is hovered and Upcoming Bikes is cliked
12:16:00.689 [main] INFO  TestCases.IdentifyBikes - Manufacture HONDA is chosen
12:16:00.939 [main] INFO  TestCases.IdentifyBikes - Test Case Passed
12:16:01.047 [main] INFO  TestCases.IdentifyBikes - View More button is clicked
12:16:13.158 [main] INFO  TestCases.IdentifyBikes - *********************** Ending Upcoming Bikes*************************
12:16:29.603 [main] INFO  TestCases.Identify_UsedCars - *********************** Starting Used Cars *************************
12:17:10.815 [main] INFO  TestCases.Identify_UsedCars - Used car menu is hovered and Location is chosen as Chennai
12:17:10.953 [main] INFO  TestCases.Identify_UsedCars - Test Case Passed
12:17:18.930 [main] INFO  TestCases.Identify_UsedCars - Popular Models are displayed
12:17:18.931 [main] INFO  TestCases.Identify_UsedCars - *********************** Ending Used Cars *************************
12:17:31.354 [main] INFO  TestCases.LogInGoogle - *********************** Starting Google Account Login *************************
12:17:37.300 [main] INFO  TestCases.LogInGoogle - Login button is clicked
12:17:37.683 [main] INFO  TestCases.LogInGoogle - Continue with google option is clicked
12:17:39.669 [main] INFO  TestCases.LogInGoogle - Email Id is entered
12:17:39.817 [main] INFO  TestCases.LogInGoogle - Test Case Passed
12:17:44.892 [main] INFO  TestCases.LogInGoogle - Error message is captured
12:17:44.892 [main] INFO  TestCases.LogInGoogle - *********************** Ending Google Account Login *************************
17:21:10.639 [main] INFO  TestCases.IdentifyBikes - *********************** Starting Upcomming Bikes*************************
17:21:10.787 [main] ERROR TestCases.IdentifyBikes - Something failed in upcomming_newBikes
17:21:46.180 [main] INFO  TestCases.Identify_UsedCars - *********************** Starting Used Cars *************************
17:21:46.236 [main] ERROR TestCases.Identify_UsedCars - Something failed in used_cars
17:22:24.134 [main] INFO  TestCases.LogInGoogle - *********************** Starting Google Account Login *************************
17:23:35.662 [main] INFO  TestCases.IdentifyBikes - *********************** Starting Upcomming Bikes*************************
17:23:35.812 [main] ERROR TestCases.IdentifyBikes - Something failed in upcomming_newBikes
17:24:13.382 [main] INFO  TestCases.Identify_UsedCars - *********************** Starting Used Cars *************************
17:24:13.443 [main] ERROR TestCases.Identify_UsedCars - Something failed in used_cars
17:24:48.023 [main] INFO  TestCases.LogInGoogle - *********************** Starting Google Account Login *************************
17:29:26.141 [main] INFO  TestCases.IdentifyBikes - *********************** Starting Upcomming Bikes*************************
